<?xml version="1.0" encoding="UTF-8"?>
<!-- Generated by org.testng.reporters.JUnitReportReporter -->
<testsuite skipped="0" hostname="RED24LAP061" name="com.expedia.Flightsbookings.Testng_Demo2" tests="1" failures="0" timestamp="23 Jul 2018 13:51:22 GMT" time="0.009" errors="0">
  <testcase name="testMethod" time="0.009" classname="com.expedia.Flightsbookings.Testng_Demo2"/>
</testsuite> <!-- com.expedia.Flightsbookings.Testng_Demo2 -->
