<?xml version="1.0" encoding="UTF-8"?>
<!-- Generated by org.testng.reporters.JUnitReportReporter -->
<testsuite skipped="0" hostname="RED24LAP061" name="testclasses2.TestNG_TestClass23" tests="2" failures="0" timestamp="06 Jul 2018 08:51:08 GMT" time="0.004" errors="0">
  <testcase name="testMethod1" time="0.001" classname="testclasses2.TestNG_TestClass23"/>
  <testcase name="testMethod2" time="0.003" classname="testclasses2.TestNG_TestClass23"/>
</testsuite> <!-- testclasses2.TestNG_TestClass23 -->
