<?xml version="1.0" encoding="UTF-8"?>
<!-- Generated by org.testng.reporters.JUnitReportReporter -->
<testsuite skipped="0" hostname="RED24LAP061" name="testclasses2.TestNG_TestParallel11" tests="2" failures="0" timestamp="09 Jul 2018 12:07:06 GMT" time="12.040" errors="0">
  <testcase name="testMethod1" time="6.020" classname="testclasses2.TestNG_TestParallel11"/>
  <testcase name="testMethod2" time="6.020" classname="testclasses2.TestNG_TestParallel11"/>
</testsuite> <!-- testclasses2.TestNG_TestParallel11 -->
