<?xml version="1.0" encoding="UTF-8"?>
<!-- Generated by org.testng.reporters.JUnitReportReporter -->
<testsuite skipped="0" hostname="RED24LAP061" name="testclasses2.TestNG_SoftAssert2" tests="1" failures="0" timestamp="05 Jul 2018 13:26:28 GMT" time="0.030" errors="0">
  <testcase name="testSum" time="0.030" classname="testclasses2.TestNG_SoftAssert2"/>
</testsuite> <!-- testclasses2.TestNG_SoftAssert2 -->
