<?xml version="1.0" encoding="UTF-8"?>
<!-- Generated by org.testng.reporters.JUnitReportReporter -->
<testsuite skipped="0" hostname="RED24LAP061" name="appcode2.TestAnnotation2" tests="3" failures="0" timestamp="05 Jul 2018 13:15:35 GMT" time="0.014" errors="0">
  <testcase name="testMethod1" time="0.010" classname="appcode2.TestAnnotation2"/>
  <testcase name="testMethod2" time="0.002" classname="appcode2.TestAnnotation2"/>
  <testcase name="testMethod3" time="0.002" classname="appcode2.TestAnnotation2"/>
</testsuite> <!-- appcode2.TestAnnotation2 -->
