<?xml version="1.0" encoding="UTF-8"?>
<!-- Generated by org.testng.reporters.JUnitReportReporter -->
<testsuite skipped="1" hostname="RED24LAP061" name="testclasses2.TestNG_EnableTimeout2" tests="2" failures="0" timestamp="09 Jul 2018 10:53:02 GMT" time="0.217" errors="0">
  <testcase name="testMethod2" time="0.217" classname="testclasses2.TestNG_EnableTimeout2"/>
  <testcase name="testMethod1" classname="testclasses2.TestNG_EnableTimeout2">
    <skipped/>
  </testcase> <!-- testMethod1 -->
</testsuite> <!-- testclasses2.TestNG_EnableTimeout2 -->
