<?xml version="1.0" encoding="UTF-8"?>
<!-- Generated by org.testng.reporters.JUnitReportReporter -->
<testsuite skipped="0" hostname="RED24LAP061" name="testclasses2.TestNG_Preserve21" tests="2" failures="0" timestamp="09 Jul 2018 11:08:12 GMT" time="0.004" errors="0">
  <testcase name="testMethod1" time="0.002" classname="testclasses2.TestNG_Preserve21"/>
  <testcase name="testMethod2" time="0.002" classname="testclasses2.TestNG_Preserve21"/>
</testsuite> <!-- testclasses2.TestNG_Preserve21 -->
