<?xml version="1.0" encoding="UTF-8"?>
<!-- Generated by org.testng.reporters.JUnitReportReporter -->
<testsuite skipped="0" hostname="RED24LAP061" name="testclasses2.TestNG_Grouping2" tests="2" failures="0" timestamp="06 Jul 2018 10:27:54 GMT" time="0.008" errors="0">
  <testcase name="testBMWX6" time="0.004" classname="testclasses2.TestNG_Grouping2"/>
  <testcase name="testAudiA6" time="0.004" classname="testclasses2.TestNG_Grouping2"/>
</testsuite> <!-- testclasses2.TestNG_Grouping2 -->
