<?xml version="1.0" encoding="UTF-8"?>
<!-- Generated by org.testng.reporters.JUnitReportReporter -->
<testsuite skipped="0" hostname="RED24LAP061" name="extendedreports.SeleniumLoginTest2" tests="1" failures="0" timestamp="10 Jul 2018 12:48:42 GMT" time="7.690" errors="0">
  <testcase name="testlogin" time="7.690" classname="extendedreports.SeleniumLoginTest2"/>
</testsuite> <!-- extendedreports.SeleniumLoginTest2 -->
