<?xml version="1.0" encoding="UTF-8"?>
<!-- Generated by org.testng.reporters.JUnitReportReporter -->
<testsuite skipped="0" hostname="RED24LAP061" name="testclasses2.TestNG_TestParameters2" tests="1" failures="0" timestamp="09 Jul 2018 11:36:45 GMT" time="0.010" errors="0">
  <testcase name="testMethod1" time="0.010" classname="testclasses2.TestNG_TestParameters2"/>
</testsuite> <!-- testclasses2.TestNG_TestParameters2 -->
