<?xml version="1.0" encoding="UTF-8"?>
<!-- Generated by org.testng.reporters.JUnitReportReporter -->
<testsuite skipped="0" hostname="RED24LAP061" name="extendedreports.Test1" tests="1" failures="0" timestamp="10 Jul 2018 14:18:43 GMT" time="6.666" errors="0">
  <testcase name="testlogin" time="6.666" classname="extendedreports.Test1"/>
</testsuite> <!-- extendedreports.Test1 -->
