<?xml version="1.0" encoding="UTF-8"?>
<!-- Generated by org.testng.reporters.JUnitReportReporter -->
<testsuite skipped="0" hostname="RED24LAP061" name="WIPTEST.AddingSources" tests="1" failures="0" timestamp="16 Jul 2018 10:26:44 GMT" time="36.932" errors="0">
  <testcase name="DUO_Auth" time="36.932" classname="WIPTEST.AddingSources"/>
</testsuite> <!-- WIPTEST.AddingSources -->
