<?xml version="1.0" encoding="UTF-8"?>
<!-- Generated by org.testng.reporters.JUnitReportReporter -->
<testsuite skipped="0" hostname="RED24LAP061" name="testclasses2.TestNG_Asserts2" tests="3" failures="0" timestamp="05 Jul 2018 13:21:08 GMT" time="0.019" errors="0">
  <testcase name="testStrings" time="0.002" classname="testclasses2.TestNG_Asserts2"/>
  <testcase name="testSum" time="0.002" classname="testclasses2.TestNG_Asserts2"/>
  <testcase name="testArrays" time="0.015" classname="testclasses2.TestNG_Asserts2"/>
</testsuite> <!-- testclasses2.TestNG_Asserts2 -->
