<?xml version="1.0" encoding="UTF-8"?>
<!-- Generated by org.testng.reporters.JUnitReportReporter -->
<testsuite skipped="0" hostname="RED24LAP061" name="extendedreports.Test2" tests="1" failures="0" timestamp="10 Jul 2018 14:18:43 GMT" time="0.002" errors="0">
  <testcase name="testMethod" time="0.002" classname="extendedreports.Test2"/>
</testsuite> <!-- extendedreports.Test2 -->
