<?xml version="1.0" encoding="UTF-8"?>
<!-- Generated by org.testng.reporters.JUnitReportReporter -->
<testsuite skipped="0" hostname="RED24LAP061" name="testclasses2.TestNG_DataProviders2" tests="3" failures="0" timestamp="09 Jul 2018 13:24:18 GMT" time="0.026" errors="0">
  <testcase name="testMethod1" time="0.014" classname="testclasses2.TestNG_DataProviders2"/>
  <testcase name="testMethod1" time="0.002" classname="testclasses2.TestNG_DataProviders2"/>
  <testcase name="testMethod1" time="0.010" classname="testclasses2.TestNG_DataProviders2"/>
</testsuite> <!-- testclasses2.TestNG_DataProviders2 -->
