<?xml version="1.0" encoding="UTF-8"?>
<!-- Generated by org.testng.reporters.JUnitReportReporter -->
<testsuite skipped="0" hostname="RED24LAP061" name="extendedreports.Login" tests="1" failures="0" timestamp="13 Jul 2018 09:02:09 GMT" time="7.959" errors="0">
  <testcase name="testlogin" time="7.959" classname="extendedreports.Login"/>
</testsuite> <!-- extendedreports.Login -->
