<?xml version="1.0" encoding="UTF-8"?>
<!-- Generated by org.testng.reporters.JUnitReportReporter -->
<testsuite skipped="0" hostname="RED24LAP061" name="testclasses2.TestNG_Priority2" tests="3" failures="0" timestamp="06 Jul 2018 09:56:46 GMT" time="0.011" errors="0">
  <testcase name="testMethod3" time="0.008" classname="testclasses2.TestNG_Priority2"/>
  <testcase name="testMethod2" time="0.002" classname="testclasses2.TestNG_Priority2"/>
  <testcase name="testMethod1" time="0.001" classname="testclasses2.TestNG_Priority2"/>
</testsuite> <!-- testclasses2.TestNG_Priority2 -->
