<?xml version="1.0" encoding="UTF-8"?>
<!-- Generated by org.testng.reporters.JUnitReportReporter -->
<testsuite skipped="0" hostname="RED24LAP061" name="testclasses2.TestNG_ListemersTest2" tests="4" failures="0" timestamp="10 Jul 2018 10:46:37 GMT" time="0.027" errors="0">
  <testcase name="testMethod2" time="0.008" classname="testclasses2.TestNG_ListemersTest2"/>
  <testcase name="testMethod1" time="0.001" classname="testclasses2.TestNG_ListemersTest2"/>
  <testcase name="testMethod2" time="0.002" classname="testclasses2.TestNG_ListemersTest2"/>
  <testcase name="testMethod1" time="0.016" classname="testclasses2.TestNG_ListemersTest2"/>
</testsuite> <!-- testclasses2.TestNG_ListemersTest2 -->
