<?xml version="1.0" encoding="UTF-8"?>
<!-- Generated by org.testng.reporters.JUnitReportReporter -->
<testsuite skipped="0" hostname="RED24LAP061" name="PracticeExercise.TestNG_Exercise1" tests="2" failures="0" timestamp="05 Jul 2018 09:02:10 GMT" time="52.804" errors="0">
  <testcase name="login" time="26.548" classname="PracticeExercise.TestNG_Exercise1"/>
  <testcase name="login" time="26.256" classname="PracticeExercise.TestNG_Exercise1"/>
</testsuite> <!-- PracticeExercise.TestNG_Exercise1 -->
