<?xml version="1.0" encoding="UTF-8"?>
<!-- Generated by org.testng.reporters.JUnitReportReporter -->
<testsuite skipped="0" hostname="RED24LAP061" name="testclasses.TestNG_BeforeClassAnnotations" tests="2" failures="0" timestamp="25 Jun 2018 11:12:46 GMT" time="0.013" errors="0">
  <testcase name="testMethod2" time="0.004" classname="testclasses.TestNG_BeforeClassAnnotations"/>
  <testcase name="testMethod1" time="0.009" classname="testclasses.TestNG_BeforeClassAnnotations"/>
</testsuite> <!-- testclasses.TestNG_BeforeClassAnnotations -->
