<?xml version="1.0" encoding="UTF-8"?>
<!-- Generated by org.testng.reporters.JUnitReportReporter -->
<testsuite skipped="0" hostname="RED24LAP061" name="testclasses.TestNG_TestClass2" tests="2" failures="0" timestamp="26 Jun 2018 12:16:01 GMT" time="0.008" errors="0">
  <testcase name="testMethod2" time="0.005" classname="testclasses.TestNG_TestClass2"/>
  <testcase name="testMethod1" time="0.003" classname="testclasses.TestNG_TestClass2"/>
</testsuite> <!-- testclasses.TestNG_TestClass2 -->
