<?xml version="1.0" encoding="UTF-8"?>
<!-- Generated by org.testng.reporters.JUnitReportReporter -->
<testsuite skipped="0" hostname="RED24LAP061" name="testclasses.TestNG_TestParallel2" tests="2" failures="0" timestamp="03 Jul 2018 14:10:58 GMT" time="12.012" errors="0">
  <testcase name="testMethod1" time="6.006" classname="testclasses.TestNG_TestParallel2"/>
  <testcase name="testMethod2" time="6.006" classname="testclasses.TestNG_TestParallel2"/>
</testsuite> <!-- testclasses.TestNG_TestParallel2 -->
