<?xml version="1.0" encoding="UTF-8"?>
<!-- Generated by org.testng.reporters.JUnitReportReporter -->
<testsuite skipped="0" hostname="RED24LAP061" name="testclasses.TestAnnotation" tests="3" failures="0" timestamp="21 Jun 2018 13:28:45 GMT" time="0.024" errors="0">
  <testcase name="testMethod1" time="0.020" classname="testclasses.TestAnnotation"/>
  <testcase name="testMethod2" time="0.002" classname="testclasses.TestAnnotation"/>
  <testcase name="testMethod3" time="0.002" classname="testclasses.TestAnnotation"/>
</testsuite> <!-- testclasses.TestAnnotation -->
