<?xml version="1.0" encoding="UTF-8"?>
<!-- Generated by org.testng.reporters.JUnitReportReporter -->
<testsuite skipped="0" hostname="RED24LAP061" name="testclasses.TestNG_TestParameters" tests="1" failures="0" timestamp="03 Jul 2018 13:44:05 GMT" time="0.007" errors="0">
  <testcase name="testMethod1" time="0.007" classname="testclasses.TestNG_TestParameters"/>
</testsuite> <!-- testclasses.TestNG_TestParameters -->
