<?xml version="1.0" encoding="UTF-8"?>
<!-- Generated by org.testng.reporters.JUnitReportReporter -->
<testsuite skipped="1" hostname="RED24LAP061" name="testclasses.TestNG_EnableTimeout" tests="2" failures="0" timestamp="03 Jul 2018 11:58:51 GMT" time="0.216" errors="0">
  <testcase name="testMethod2" time="0.216" classname="testclasses.TestNG_EnableTimeout"/>
  <testcase name="testMethod1" classname="testclasses.TestNG_EnableTimeout">
    <skipped/>
  </testcase> <!-- testMethod1 -->
</testsuite> <!-- testclasses.TestNG_EnableTimeout -->
