<?xml version="1.0" encoding="UTF-8"?>
<!-- Generated by org.testng.reporters.JUnitReportReporter -->
<testsuite skipped="0" hostname="RED24LAP061" name="testclasses.TestNG_SoftAsserts" tests="1" failures="0" timestamp="22 Jun 2018 13:37:53 GMT" time="0.033" errors="0">
  <testcase name="testSum" time="0.033" classname="testclasses.TestNG_SoftAsserts"/>
</testsuite> <!-- testclasses.TestNG_SoftAsserts -->
