<?xml version="1.0" encoding="UTF-8"?>
<!-- Generated by org.testng.reporters.JUnitReportReporter -->
<testsuite skipped="0" hostname="RED24LAP061" name="testclasses.TestNG_Preserve2" tests="2" failures="0" timestamp="03 Jul 2018 12:49:37 GMT" time="0.132" errors="0">
  <testcase name="testMethod1" time="0.129" classname="testclasses.TestNG_Preserve2"/>
  <testcase name="testMethod2" time="0.003" classname="testclasses.TestNG_Preserve2"/>
</testsuite> <!-- testclasses.TestNG_Preserve2 -->
