<?xml version="1.0" encoding="UTF-8"?>
<!-- Generated by org.testng.reporters.JUnitReportReporter -->
<testsuite skipped="0" hostname="RED24LAP061" name="regressionsuite.TestNG_TestClass2" tests="2" failures="0" timestamp="26 Jun 2018 12:31:10 GMT" time="0.011" errors="0">
  <testcase name="testMethod2" time="0.007" classname="regressionsuite.TestNG_TestClass2"/>
  <testcase name="testMethod1" time="0.004" classname="regressionsuite.TestNG_TestClass2"/>
</testsuite> <!-- regressionsuite.TestNG_TestClass2 -->
