<?xml version="1.0" encoding="UTF-8"?>
<!-- Generated by org.testng.reporters.JUnitReportReporter -->
<testsuite skipped="0" hostname="RED24LAP061" name="testclasses.TestNG_Grouping" tests="2" failures="0" timestamp="26 Jun 2018 14:08:11 GMT" time="0.010" errors="0">
  <testcase name="testNinja" time="0.005" classname="testclasses.TestNG_Grouping"/>
  <testcase name="testHondaCBR" time="0.005" classname="testclasses.TestNG_Grouping"/>
</testsuite> <!-- testclasses.TestNG_Grouping -->
